
*** Running vivado
    with args -log square_rooter.vds -m64 -product Vivado -mode batch -messageDb vivado.pb -notrace -source square_rooter.tcl


****** Vivado v2018.2 (64-bit)
  **** SW Build 2258646 on Thu Jun 14 20:03:12 MDT 2018
  **** IP Build 2256618 on Thu Jun 14 22:10:49 MDT 2018
    ** Copyright 1986-2018 Xilinx, Inc. All Rights Reserved.

source square_rooter.tcl -notrace
Command: synth_design -top square_rooter -part xc7z020clg484-1 -mode out_of_context
Starting synth_design
Attempting to get a license for feature 'Synthesis' and/or device 'xc7z020'
INFO: [Common 17-349] Got license for feature 'Synthesis' and/or device 'xc7z020'
INFO: Launching helper process for spawning children vivado processes
INFO: Helper process launched with PID 12516 
---------------------------------------------------------------------------------
Starting RTL Elaboration : Time (s): cpu = 00:00:04 ; elapsed = 00:00:06 . Memory (MB): peak = 450.504 ; gain = 92.355
---------------------------------------------------------------------------------
INFO: [Synth 8-638] synthesizing module 'square_rooter' [c:/Users/hs696802/Desktop/vhdl-backend-radarDistances-master/square_root/square_root.srcs/sources_1/ip/square_rooter/synth/square_rooter.vhd:69]
	Parameter C_ARCHITECTURE bound to: 2 - type: integer 
	Parameter C_CORDIC_FUNCTION bound to: 6 - type: integer 
	Parameter C_COARSE_ROTATE bound to: 0 - type: integer 
	Parameter C_DATA_FORMAT bound to: 2 - type: integer 
	Parameter C_XDEVICEFAMILY bound to: zynq - type: string 
	Parameter C_HAS_ACLKEN bound to: 0 - type: integer 
	Parameter C_HAS_ACLK bound to: 1 - type: integer 
	Parameter C_HAS_S_AXIS_CARTESIAN bound to: 1 - type: integer 
	Parameter C_HAS_S_AXIS_PHASE bound to: 0 - type: integer 
	Parameter C_HAS_ARESETN bound to: 0 - type: integer 
	Parameter C_INPUT_WIDTH bound to: 32 - type: integer 
	Parameter C_ITERATIONS bound to: 0 - type: integer 
	Parameter C_OUTPUT_WIDTH bound to: 17 - type: integer 
	Parameter C_PHASE_FORMAT bound to: 0 - type: integer 
	Parameter C_PIPELINE_MODE bound to: -2 - type: integer 
	Parameter C_PRECISION bound to: 0 - type: integer 
	Parameter C_ROUND_MODE bound to: 2 - type: integer 
	Parameter C_SCALE_COMP bound to: 0 - type: integer 
	Parameter C_THROTTLE_SCHEME bound to: 3 - type: integer 
	Parameter C_TLAST_RESOLUTION bound to: 0 - type: integer 
	Parameter C_HAS_S_AXIS_PHASE_TUSER bound to: 0 - type: integer 
	Parameter C_HAS_S_AXIS_PHASE_TLAST bound to: 0 - type: integer 
	Parameter C_S_AXIS_PHASE_TDATA_WIDTH bound to: 32 - type: integer 
	Parameter C_S_AXIS_PHASE_TUSER_WIDTH bound to: 1 - type: integer 
	Parameter C_HAS_S_AXIS_CARTESIAN_TUSER bound to: 0 - type: integer 
	Parameter C_HAS_S_AXIS_CARTESIAN_TLAST bound to: 0 - type: integer 
	Parameter C_S_AXIS_CARTESIAN_TDATA_WIDTH bound to: 32 - type: integer 
	Parameter C_S_AXIS_CARTESIAN_TUSER_WIDTH bound to: 1 - type: integer 
	Parameter C_M_AXIS_DOUT_TDATA_WIDTH bound to: 24 - type: integer 
	Parameter C_M_AXIS_DOUT_TUSER_WIDTH bound to: 1 - type: integer 
INFO: [Synth 8-3491] module 'cordic_v6_0_14' declared at 'c:/Users/hs696802/Desktop/vhdl-backend-radarDistances-master/square_root/square_root.srcs/sources_1/ip/square_rooter/hdl/cordic_v6_0_vh_rfs.vhd:10135' bound to instance 'U0' of component 'cordic_v6_0_14' [c:/Users/hs696802/Desktop/vhdl-backend-radarDistances-master/square_root/square_root.srcs/sources_1/ip/square_rooter/synth/square_rooter.vhd:144]
INFO: [Synth 8-256] done synthesizing module 'square_rooter' (15#1) [c:/Users/hs696802/Desktop/vhdl-backend-radarDistances-master/square_root/square_root.srcs/sources_1/ip/square_rooter/synth/square_rooter.vhd:69]
WARNING: [Synth 8-3331] design c_reg_fd_v12_0_5_viv has unconnected port AINIT
WARNING: [Synth 8-3331] design c_reg_fd_v12_0_5_viv has unconnected port ACLR
WARNING: [Synth 8-3331] design c_reg_fd_v12_0_5_viv has unconnected port ASET
WARNING: [Synth 8-3331] design c_reg_fd_v12_0_5_viv has unconnected port SINIT
WARNING: [Synth 8-3331] design c_reg_fd_v12_0_5_viv has unconnected port SCLR
WARNING: [Synth 8-3331] design c_reg_fd_v12_0_5_viv has unconnected port SSET
WARNING: [Synth 8-3331] design c_addsub_v12_0_12_lut6_legacy__parameterized31 has unconnected port bypass
WARNING: [Synth 8-3331] design c_addsub_v12_0_12_lut6_legacy__parameterized31 has unconnected port sclr
WARNING: [Synth 8-3331] design c_addsub_v12_0_12_lut6_legacy__parameterized31 has unconnected port sset
WARNING: [Synth 8-3331] design c_addsub_v12_0_12_lut6_legacy__parameterized31 has unconnected port sinit
WARNING: [Synth 8-3331] design c_addsub_v12_0_12_legacy__parameterized31 has unconnected port b_in
WARNING: [Synth 8-3331] design c_addsub_v12_0_12_legacy__parameterized31 has unconnected port a_signed
WARNING: [Synth 8-3331] design c_addsub_v12_0_12_legacy__parameterized31 has unconnected port b_signed
WARNING: [Synth 8-3331] design delay__parameterized63 has unconnected port SCLR
WARNING: [Synth 8-3331] design c_addsub_v12_0_12_lut6_legacy__parameterized29 has unconnected port clk
WARNING: [Synth 8-3331] design c_addsub_v12_0_12_lut6_legacy__parameterized29 has unconnected port add
WARNING: [Synth 8-3331] design c_addsub_v12_0_12_lut6_legacy__parameterized29 has unconnected port c_in
WARNING: [Synth 8-3331] design c_addsub_v12_0_12_lut6_legacy__parameterized29 has unconnected port ce
WARNING: [Synth 8-3331] design c_addsub_v12_0_12_lut6_legacy__parameterized29 has unconnected port bypass
WARNING: [Synth 8-3331] design c_addsub_v12_0_12_lut6_legacy__parameterized29 has unconnected port aclr
WARNING: [Synth 8-3331] design c_addsub_v12_0_12_lut6_legacy__parameterized29 has unconnected port aset
WARNING: [Synth 8-3331] design c_addsub_v12_0_12_lut6_legacy__parameterized29 has unconnected port ainit
WARNING: [Synth 8-3331] design c_addsub_v12_0_12_lut6_legacy__parameterized29 has unconnected port sclr
WARNING: [Synth 8-3331] design c_addsub_v12_0_12_lut6_legacy__parameterized29 has unconnected port sset
WARNING: [Synth 8-3331] design c_addsub_v12_0_12_lut6_legacy__parameterized29 has unconnected port sinit
WARNING: [Synth 8-3331] design c_addsub_v12_0_12_legacy__parameterized29 has unconnected port c_in
WARNING: [Synth 8-3331] design c_addsub_v12_0_12_legacy__parameterized29 has unconnected port b_in
WARNING: [Synth 8-3331] design c_addsub_v12_0_12_legacy__parameterized29 has unconnected port a_signed
WARNING: [Synth 8-3331] design c_addsub_v12_0_12_legacy__parameterized29 has unconnected port b_signed
WARNING: [Synth 8-3331] design c_addsub_v12_0_12_viv__parameterized29 has unconnected port C_IN
WARNING: [Synth 8-3331] design cordic_sqrt_mod__parameterized29 has unconnected port rem_out[18]
WARNING: [Synth 8-3331] design cordic_sqrt_mod__parameterized29 has unconnected port rem_out[17]
WARNING: [Synth 8-3331] design cordic_sqrt_mod__parameterized29 has unconnected port rem_out[16]
WARNING: [Synth 8-3331] design cordic_sqrt_mod__parameterized29 has unconnected port rem_out[15]
WARNING: [Synth 8-3331] design cordic_sqrt_mod__parameterized29 has unconnected port rem_out[14]
WARNING: [Synth 8-3331] design cordic_sqrt_mod__parameterized29 has unconnected port rem_out[13]
WARNING: [Synth 8-3331] design cordic_sqrt_mod__parameterized29 has unconnected port rem_out[12]
WARNING: [Synth 8-3331] design cordic_sqrt_mod__parameterized29 has unconnected port rem_out[11]
WARNING: [Synth 8-3331] design cordic_sqrt_mod__parameterized29 has unconnected port rem_out[10]
WARNING: [Synth 8-3331] design cordic_sqrt_mod__parameterized29 has unconnected port rem_out[9]
WARNING: [Synth 8-3331] design cordic_sqrt_mod__parameterized29 has unconnected port rem_out[8]
WARNING: [Synth 8-3331] design cordic_sqrt_mod__parameterized29 has unconnected port rem_out[7]
WARNING: [Synth 8-3331] design cordic_sqrt_mod__parameterized29 has unconnected port rem_out[6]
WARNING: [Synth 8-3331] design cordic_sqrt_mod__parameterized29 has unconnected port rem_out[5]
WARNING: [Synth 8-3331] design cordic_sqrt_mod__parameterized29 has unconnected port rem_out[4]
WARNING: [Synth 8-3331] design cordic_sqrt_mod__parameterized29 has unconnected port rem_out[3]
WARNING: [Synth 8-3331] design cordic_sqrt_mod__parameterized29 has unconnected port rem_out[2]
WARNING: [Synth 8-3331] design cordic_sqrt_mod__parameterized29 has unconnected port rem_out[1]
WARNING: [Synth 8-3331] design cordic_sqrt_mod__parameterized29 has unconnected port rem_out[0]
WARNING: [Synth 8-3331] design delay__parameterized61 has unconnected port WE
WARNING: [Synth 8-3331] design delay__parameterized61 has unconnected port CE
WARNING: [Synth 8-3331] design delay__parameterized61 has unconnected port SCLR
WARNING: [Synth 8-3331] design delay__parameterized61 has unconnected port CLK
WARNING: [Synth 8-3331] design c_addsub_v12_0_12_lut6_legacy__parameterized27 has unconnected port clk
WARNING: [Synth 8-3331] design c_addsub_v12_0_12_lut6_legacy__parameterized27 has unconnected port add
WARNING: [Synth 8-3331] design c_addsub_v12_0_12_lut6_legacy__parameterized27 has unconnected port c_in
WARNING: [Synth 8-3331] design c_addsub_v12_0_12_lut6_legacy__parameterized27 has unconnected port ce
WARNING: [Synth 8-3331] design c_addsub_v12_0_12_lut6_legacy__parameterized27 has unconnected port bypass
WARNING: [Synth 8-3331] design c_addsub_v12_0_12_lut6_legacy__parameterized27 has unconnected port aclr
WARNING: [Synth 8-3331] design c_addsub_v12_0_12_lut6_legacy__parameterized27 has unconnected port aset
WARNING: [Synth 8-3331] design c_addsub_v12_0_12_lut6_legacy__parameterized27 has unconnected port ainit
WARNING: [Synth 8-3331] design c_addsub_v12_0_12_lut6_legacy__parameterized27 has unconnected port sclr
WARNING: [Synth 8-3331] design c_addsub_v12_0_12_lut6_legacy__parameterized27 has unconnected port sset
WARNING: [Synth 8-3331] design c_addsub_v12_0_12_lut6_legacy__parameterized27 has unconnected port sinit
WARNING: [Synth 8-3331] design c_addsub_v12_0_12_legacy__parameterized27 has unconnected port c_in
WARNING: [Synth 8-3331] design c_addsub_v12_0_12_legacy__parameterized27 has unconnected port b_in
WARNING: [Synth 8-3331] design c_addsub_v12_0_12_legacy__parameterized27 has unconnected port a_signed
WARNING: [Synth 8-3331] design c_addsub_v12_0_12_legacy__parameterized27 has unconnected port b_signed
WARNING: [Synth 8-3331] design c_addsub_v12_0_12_viv__parameterized27 has unconnected port C_IN
WARNING: [Synth 8-3331] design delay__parameterized57 has unconnected port SCLR
WARNING: [Synth 8-3331] design c_addsub_v12_0_12_lut6_legacy__parameterized25 has unconnected port clk
WARNING: [Synth 8-3331] design c_addsub_v12_0_12_lut6_legacy__parameterized25 has unconnected port add
WARNING: [Synth 8-3331] design c_addsub_v12_0_12_lut6_legacy__parameterized25 has unconnected port c_in
WARNING: [Synth 8-3331] design c_addsub_v12_0_12_lut6_legacy__parameterized25 has unconnected port ce
WARNING: [Synth 8-3331] design c_addsub_v12_0_12_lut6_legacy__parameterized25 has unconnected port bypass
WARNING: [Synth 8-3331] design c_addsub_v12_0_12_lut6_legacy__parameterized25 has unconnected port aclr
WARNING: [Synth 8-3331] design c_addsub_v12_0_12_lut6_legacy__parameterized25 has unconnected port aset
WARNING: [Synth 8-3331] design c_addsub_v12_0_12_lut6_legacy__parameterized25 has unconnected port ainit
WARNING: [Synth 8-3331] design c_addsub_v12_0_12_lut6_legacy__parameterized25 has unconnected port sclr
WARNING: [Synth 8-3331] design c_addsub_v12_0_12_lut6_legacy__parameterized25 has unconnected port sset
WARNING: [Synth 8-3331] design c_addsub_v12_0_12_lut6_legacy__parameterized25 has unconnected port sinit
WARNING: [Synth 8-3331] design c_addsub_v12_0_12_legacy__parameterized25 has unconnected port c_in
WARNING: [Synth 8-3331] design c_addsub_v12_0_12_legacy__parameterized25 has unconnected port b_in
WARNING: [Synth 8-3331] design c_addsub_v12_0_12_legacy__parameterized25 has unconnected port a_signed
WARNING: [Synth 8-3331] design c_addsub_v12_0_12_legacy__parameterized25 has unconnected port b_signed
WARNING: [Synth 8-3331] design c_addsub_v12_0_12_viv__parameterized25 has unconnected port C_IN
WARNING: [Synth 8-3331] design c_addsub_v12_0_12_lut6_legacy__parameterized23 has unconnected port clk
WARNING: [Synth 8-3331] design c_addsub_v12_0_12_lut6_legacy__parameterized23 has unconnected port add
WARNING: [Synth 8-3331] design c_addsub_v12_0_12_lut6_legacy__parameterized23 has unconnected port c_in
WARNING: [Synth 8-3331] design c_addsub_v12_0_12_lut6_legacy__parameterized23 has unconnected port ce
WARNING: [Synth 8-3331] design c_addsub_v12_0_12_lut6_legacy__parameterized23 has unconnected port bypass
WARNING: [Synth 8-3331] design c_addsub_v12_0_12_lut6_legacy__parameterized23 has unconnected port aclr
WARNING: [Synth 8-3331] design c_addsub_v12_0_12_lut6_legacy__parameterized23 has unconnected port aset
WARNING: [Synth 8-3331] design c_addsub_v12_0_12_lut6_legacy__parameterized23 has unconnected port ainit
WARNING: [Synth 8-3331] design c_addsub_v12_0_12_lut6_legacy__parameterized23 has unconnected port sclr
WARNING: [Synth 8-3331] design c_addsub_v12_0_12_lut6_legacy__parameterized23 has unconnected port sset
WARNING: [Synth 8-3331] design c_addsub_v12_0_12_lut6_legacy__parameterized23 has unconnected port sinit
WARNING: [Synth 8-3331] design c_addsub_v12_0_12_legacy__parameterized23 has unconnected port c_in
WARNING: [Synth 8-3331] design c_addsub_v12_0_12_legacy__parameterized23 has unconnected port b_in
WARNING: [Synth 8-3331] design c_addsub_v12_0_12_legacy__parameterized23 has unconnected port a_signed
INFO: [Common 17-14] Message 'Synth 8-3331' appears 100 times and further instances of the messages will be disabled. Use the Tcl command set_msg_config to change the current settings.
---------------------------------------------------------------------------------
Finished RTL Elaboration : Time (s): cpu = 00:00:21 ; elapsed = 00:00:23 . Memory (MB): peak = 674.227 ; gain = 316.078
---------------------------------------------------------------------------------

Report Check Netlist: 
+------+------------------+-------+---------+-------+------------------+
|      |Item              |Errors |Warnings |Status |Description       |
+------+------------------+-------+---------+-------+------------------+
|1     |multi_driven_nets |      0|        0|Passed |Multi driven nets |
+------+------------------+-------+---------+-------+------------------+
---------------------------------------------------------------------------------
Start Handling Custom Attributes
---------------------------------------------------------------------------------
---------------------------------------------------------------------------------
Finished Handling Custom Attributes : Time (s): cpu = 00:00:22 ; elapsed = 00:00:23 . Memory (MB): peak = 674.227 ; gain = 316.078
---------------------------------------------------------------------------------
---------------------------------------------------------------------------------
Finished RTL Optimization Phase 1 : Time (s): cpu = 00:00:22 ; elapsed = 00:00:23 . Memory (MB): peak = 674.227 ; gain = 316.078
---------------------------------------------------------------------------------
INFO: [Netlist 29-17] Analyzing 485 Unisim elements for replacement
INFO: [Netlist 29-28] Unisim Transformation completed in 0 CPU seconds
INFO: [Device 21-403] Loading part xc7z020clg484-1
INFO: [Project 1-570] Preparing netlist for logic optimization

Processing XDC Constraints
Initializing timing engine
Parsing XDC File [c:/Users/hs696802/Desktop/vhdl-backend-radarDistances-master/square_root/square_root.srcs/sources_1/ip/square_rooter/square_rooter_ooc.xdc] for cell 'U0'
Finished Parsing XDC File [c:/Users/hs696802/Desktop/vhdl-backend-radarDistances-master/square_root/square_root.srcs/sources_1/ip/square_rooter/square_rooter_ooc.xdc] for cell 'U0'
Parsing XDC File [C:/Users/hs696802/Desktop/vhdl-backend-radarDistances-master/square_root/square_root.runs/square_rooter_synth_1/dont_touch.xdc]
Finished Parsing XDC File [C:/Users/hs696802/Desktop/vhdl-backend-radarDistances-master/square_root/square_root.runs/square_rooter_synth_1/dont_touch.xdc]
Completed Processing XDC Constraints

INFO: [Project 1-111] Unisim Transformation Summary:
No Unisim elements were transformed.

Constraint Validation Runtime : Time (s): cpu = 00:00:00 ; elapsed = 00:00:00.050 . Memory (MB): peak = 885.922 ; gain = 1.395
---------------------------------------------------------------------------------
Finished Constraint Validation : Time (s): cpu = 00:00:31 ; elapsed = 00:00:36 . Memory (MB): peak = 885.922 ; gain = 527.773
---------------------------------------------------------------------------------
---------------------------------------------------------------------------------
Start Loading Part and Timing Information
---------------------------------------------------------------------------------
Loading part: xc7z020clg484-1
---------------------------------------------------------------------------------
Finished Loading Part and Timing Information : Time (s): cpu = 00:00:31 ; elapsed = 00:00:36 . Memory (MB): peak = 885.922 ; gain = 527.773
---------------------------------------------------------------------------------
---------------------------------------------------------------------------------
Start Applying 'set_property' XDC Constraints
---------------------------------------------------------------------------------
Applied set_property DONT_TOUCH = true for U0. (constraint file  C:/Users/hs696802/Desktop/vhdl-backend-radarDistances-master/square_root/square_root.runs/square_rooter_synth_1/dont_touch.xdc, line 9).
---------------------------------------------------------------------------------
Finished applying 'set_property' XDC Constraints : Time (s): cpu = 00:00:31 ; elapsed = 00:00:36 . Memory (MB): peak = 885.922 ; gain = 527.773
---------------------------------------------------------------------------------
---------------------------------------------------------------------------------
Finished RTL Optimization Phase 2 : Time (s): cpu = 00:00:32 ; elapsed = 00:00:38 . Memory (MB): peak = 885.922 ; gain = 527.773
---------------------------------------------------------------------------------

Report RTL Partitions: 
+-+--------------+------------+----------+
| |RTL Partition |Replication |Instances |
+-+--------------+------------+----------+
+-+--------------+------------+----------+
---------------------------------------------------------------------------------
Start RTL Component Statistics 
---------------------------------------------------------------------------------
---------------------------------------------------------------------------------
Finished RTL Component Statistics 
---------------------------------------------------------------------------------
---------------------------------------------------------------------------------
Start RTL Hierarchical Component Statistics 
---------------------------------------------------------------------------------
---------------------------------------------------------------------------------
Finished RTL Hierarchical Component Statistics
---------------------------------------------------------------------------------
---------------------------------------------------------------------------------
Start Part Resource Summary
---------------------------------------------------------------------------------
Part Resources:
DSPs: 220 (col length:60)
BRAMs: 280 (col length: RAMB18 60 RAMB36 30)
---------------------------------------------------------------------------------
Finished Part Resource Summary
---------------------------------------------------------------------------------
---------------------------------------------------------------------------------
Start Cross Boundary and Area Optimization
---------------------------------------------------------------------------------
Warning: Parallel synthesis criteria is not met 
INFO: [Synth 8-3886] merging instance 'U0/i_synth/i_synth/gen_sqrt.square_root/gen_nd_int/gen_rtl.gen_reg.d_reg_reg' (FDRE) to 'U0/i_synth/i_synth/gen_sqrt.square_root/gen_iterations[18].gen_pre_mid.gen_rem/gen_inv_sqrt_out/gen_rtl.gen_reg.d_reg_reg[2]'
INFO: [Synth 8-3886] merging instance 'U0/i_synth/i_synth/gen_sqrt.square_root/gen_iterations[18].gen_last.gen_rem/gen_data_int/gen_rtl.gen_dly.gen_shiftreg.delay_bus_reg[0][0]' (FDE) to 'U0/i_synth/i_synth/gen_sqrt.square_root/gen_iterations[18].gen_last.gen_rem/gen_data_int/gen_rtl.gen_dly.gen_shiftreg.delay_bus_reg[0][1]'
INFO: [Synth 8-3333] propagating constant 0 across sequential element (U0/i_synth/\i_synth/gen_sqrt.square_root/gen_iterations[18].gen_last.gen_rem/gen_data_int/gen_rtl.gen_dly.gen_shiftreg.delay_bus_reg[0][1] )
INFO: [Synth 8-3886] merging instance 'U0/i_synth/i_synth/gen_sqrt.square_root/gen_rdy_int/gen_rtl.gen_dly.gen_regs.delay_bus_reg[0]' (FDRE) to 'U0/i_synth/i_synth/gen_sqrt.square_root/gen_iterations[17].gen_pre_mid.gen_rem/gen_inv_sqrt_out/gen_rtl.gen_reg.d_reg_reg[3]'
INFO: [Synth 8-3886] merging instance 'U0/i_synth/i_synth/gen_sqrt.square_root/gen_iterations[18].gen_last.gen_rem/gen_data_int/gen_rtl.gen_dly.gen_shiftreg.delay_bus_reg[1][0]' (FDE) to 'U0/i_synth/i_synth/gen_sqrt.square_root/gen_iterations[18].gen_last.gen_rem/gen_data_int/gen_rtl.gen_dly.gen_shiftreg.delay_bus_reg[1][1]'
INFO: [Synth 8-3886] merging instance 'U0/i_synth/i_synth/gen_sqrt.square_root/gen_iterations[18].gen_last.gen_rem/gen_data_int/gen_rtl.gen_dly.gen_shiftreg.delay_bus_reg[1][1]' (FDE) to 'U0/i_synth/i_synth/gen_sqrt.square_root/gen_iterations[18].gen_last.gen_rem/gen_data_int/gen_rtl.gen_dly.gen_shiftreg.delay_bus_reg[0][1]'
INFO: [Synth 8-3886] merging instance 'U0/i_synth/i_synth/gen_sqrt.square_root/gen_rdy_int/gen_rtl.gen_dly.gen_regs.delay_bus_reg[1]' (FDRE) to 'U0/i_synth/i_synth/gen_sqrt.square_root/gen_iterations[16].gen_pre_mid.gen_rem/gen_inv_sqrt_out/gen_rtl.gen_reg.d_reg_reg[4]'
INFO: [Synth 8-3886] merging instance 'U0/i_synth/i_synth/gen_sqrt.square_root/gen_iterations[18].gen_last.gen_rem/gen_data_int/gen_rtl.gen_dly.gen_shiftreg.delay_bus_reg[2][0]' (FDE) to 'U0/i_synth/i_synth/gen_sqrt.square_root/gen_iterations[18].gen_last.gen_rem/gen_data_int/gen_rtl.gen_dly.gen_shiftreg.delay_bus_reg[2][1]'
INFO: [Synth 8-3886] merging instance 'U0/i_synth/i_synth/gen_sqrt.square_root/gen_rdy_int/gen_rtl.gen_dly.gen_regs.delay_bus_reg[2]' (FDRE) to 'U0/i_synth/i_synth/gen_sqrt.square_root/gen_iterations[15].gen_pre_mid.gen_rem/gen_inv_sqrt_out/gen_rtl.gen_reg.d_reg_reg[5]'
INFO: [Synth 8-3886] merging instance 'U0/i_synth/i_synth/gen_sqrt.square_root/gen_iterations[18].gen_last.gen_rem/gen_data_int/gen_rtl.gen_dly.gen_shiftreg.delay_bus_reg[3][0]' (FDE) to 'U0/i_synth/i_synth/gen_sqrt.square_root/gen_iterations[18].gen_last.gen_rem/gen_data_int/gen_rtl.gen_dly.gen_shiftreg.delay_bus_reg[3][1]'
INFO: [Synth 8-3886] merging instance 'U0/i_synth/i_synth/gen_sqrt.square_root/gen_rdy_int/gen_rtl.gen_dly.gen_regs.delay_bus_reg[3]' (FDRE) to 'U0/i_synth/i_synth/gen_sqrt.square_root/gen_iterations[14].gen_pre_mid.gen_rem/gen_inv_sqrt_out/gen_rtl.gen_reg.d_reg_reg[6]'
INFO: [Synth 8-3886] merging instance 'U0/i_synth/i_synth/gen_sqrt.square_root/gen_iterations[18].gen_last.gen_rem/gen_data_int/gen_rtl.gen_dly.gen_shiftreg.delay_bus_reg[4][0]' (FDE) to 'U0/i_synth/i_synth/gen_sqrt.square_root/gen_iterations[18].gen_last.gen_rem/gen_data_int/gen_rtl.gen_dly.gen_shiftreg.delay_bus_reg[4][1]'
INFO: [Synth 8-3886] merging instance 'U0/i_synth/i_synth/gen_sqrt.square_root/gen_rdy_int/gen_rtl.gen_dly.gen_regs.delay_bus_reg[4]' (FDRE) to 'U0/i_synth/i_synth/gen_sqrt.square_root/gen_iterations[13].gen_pre_mid.gen_rem/gen_inv_sqrt_out/gen_rtl.gen_reg.d_reg_reg[7]'
INFO: [Synth 8-3886] merging instance 'U0/i_synth/i_synth/gen_sqrt.square_root/gen_iterations[18].gen_last.gen_rem/gen_data_int/gen_rtl.gen_dly.gen_shiftreg.delay_bus_reg[5][0]' (FDE) to 'U0/i_synth/i_synth/gen_sqrt.square_root/gen_iterations[18].gen_last.gen_rem/gen_data_int/gen_rtl.gen_dly.gen_shiftreg.delay_bus_reg[5][1]'
INFO: [Synth 8-3886] merging instance 'U0/i_synth/i_synth/gen_sqrt.square_root/gen_rdy_int/gen_rtl.gen_dly.gen_regs.delay_bus_reg[5]' (FDRE) to 'U0/i_synth/i_synth/gen_sqrt.square_root/gen_iterations[12].gen_pre_mid.gen_rem/gen_inv_sqrt_out/gen_rtl.gen_reg.d_reg_reg[8]'
INFO: [Synth 8-3886] merging instance 'U0/i_synth/i_synth/gen_sqrt.square_root/gen_iterations[18].gen_last.gen_rem/gen_data_int/gen_rtl.gen_dly.gen_shiftreg.delay_bus_reg[6][0]' (FDE) to 'U0/i_synth/i_synth/gen_sqrt.square_root/gen_iterations[18].gen_last.gen_rem/gen_data_int/gen_rtl.gen_dly.gen_shiftreg.delay_bus_reg[6][1]'
INFO: [Synth 8-3886] merging instance 'U0/i_synth/i_synth/gen_sqrt.square_root/gen_rdy_int/gen_rtl.gen_dly.gen_regs.delay_bus_reg[6]' (FDRE) to 'U0/i_synth/i_synth/gen_sqrt.square_root/gen_iterations[11].gen_pre_mid.gen_rem/gen_inv_sqrt_out/gen_rtl.gen_reg.d_reg_reg[9]'
INFO: [Synth 8-3886] merging instance 'U0/i_synth/i_synth/gen_sqrt.square_root/gen_iterations[18].gen_last.gen_rem/gen_data_int/gen_rtl.gen_dly.gen_shiftreg.delay_bus_reg[7][0]' (FDE) to 'U0/i_synth/i_synth/gen_sqrt.square_root/gen_iterations[18].gen_last.gen_rem/gen_data_int/gen_rtl.gen_dly.gen_shiftreg.delay_bus_reg[7][1]'
INFO: [Synth 8-3886] merging instance 'U0/i_synth/i_synth/gen_sqrt.square_root/gen_rdy_int/gen_rtl.gen_dly.gen_regs.delay_bus_reg[7]' (FDRE) to 'U0/i_synth/i_synth/gen_sqrt.square_root/gen_iterations[11].gen_post_mid.gen_rem/gen_inv_sqrt_out/gen_rtl.gen_reg.d_reg_reg[10]'
INFO: [Synth 8-3886] merging instance 'U0/i_synth/i_synth/gen_sqrt.square_root/gen_iterations[18].gen_last.gen_rem/gen_data_int/gen_rtl.gen_dly.gen_shiftreg.delay_bus_reg[8][0]' (FDE) to 'U0/i_synth/i_synth/gen_sqrt.square_root/gen_iterations[18].gen_last.gen_rem/gen_data_int/gen_rtl.gen_dly.gen_shiftreg.delay_bus_reg[8][1]'
INFO: [Synth 8-3886] merging instance 'U0/i_synth/i_synth/gen_sqrt.square_root/gen_rdy_int/gen_rtl.gen_dly.gen_regs.delay_bus_reg[8]' (FDRE) to 'U0/i_synth/i_synth/gen_sqrt.square_root/gen_iterations[12].gen_post_mid.gen_rem/gen_inv_sqrt_out/gen_rtl.gen_reg.d_reg_reg[11]'
INFO: [Synth 8-3886] merging instance 'U0/i_synth/i_synth/gen_sqrt.square_root/gen_iterations[18].gen_last.gen_rem/gen_data_int/gen_rtl.gen_dly.gen_shiftreg.delay_bus_reg[9][0]' (FDE) to 'U0/i_synth/i_synth/gen_sqrt.square_root/gen_iterations[18].gen_last.gen_rem/gen_data_int/gen_rtl.gen_dly.gen_shiftreg.delay_bus_reg[9][1]'
INFO: [Synth 8-3886] merging instance 'U0/i_synth/i_synth/gen_sqrt.square_root/gen_rdy_int/gen_rtl.gen_dly.gen_regs.delay_bus_reg[9]' (FDRE) to 'U0/i_synth/i_synth/gen_sqrt.square_root/gen_iterations[13].gen_post_mid.gen_rem/gen_inv_sqrt_out/gen_rtl.gen_reg.d_reg_reg[12]'
INFO: [Synth 8-3886] merging instance 'U0/i_synth/i_synth/gen_sqrt.square_root/gen_iterations[18].gen_last.gen_rem/gen_data_int/gen_rtl.gen_dly.gen_shiftreg.delay_bus_reg[10][0]' (FDE) to 'U0/i_synth/i_synth/gen_sqrt.square_root/gen_iterations[18].gen_last.gen_rem/gen_data_int/gen_rtl.gen_dly.gen_shiftreg.delay_bus_reg[10][1]'
INFO: [Synth 8-3886] merging instance 'U0/i_synth/i_synth/gen_sqrt.square_root/gen_rdy_int/gen_rtl.gen_dly.gen_regs.delay_bus_reg[10]' (FDRE) to 'U0/i_synth/i_synth/gen_sqrt.square_root/gen_iterations[14].gen_post_mid.gen_rem/gen_inv_sqrt_out/gen_rtl.gen_reg.d_reg_reg[13]'
INFO: [Synth 8-3886] merging instance 'U0/i_synth/i_synth/gen_sqrt.square_root/gen_iterations[18].gen_last.gen_rem/gen_data_int/gen_rtl.gen_dly.gen_shiftreg.delay_bus_reg[11][0]' (FDE) to 'U0/i_synth/i_synth/gen_sqrt.square_root/gen_iterations[18].gen_last.gen_rem/gen_data_int/gen_rtl.gen_dly.gen_shiftreg.delay_bus_reg[11][1]'
INFO: [Synth 8-3886] merging instance 'U0/i_synth/i_synth/gen_sqrt.square_root/gen_rdy_int/gen_rtl.gen_dly.gen_regs.delay_bus_reg[11]' (FDRE) to 'U0/i_synth/i_synth/gen_sqrt.square_root/gen_iterations[15].gen_post_mid.gen_rem/gen_inv_sqrt_out/gen_rtl.gen_reg.d_reg_reg[14]'
INFO: [Synth 8-3886] merging instance 'U0/i_synth/i_synth/gen_sqrt.square_root/gen_iterations[18].gen_last.gen_rem/gen_data_int/gen_rtl.gen_dly.gen_shiftreg.delay_bus_reg[12][0]' (FDE) to 'U0/i_synth/i_synth/gen_sqrt.square_root/gen_iterations[18].gen_last.gen_rem/gen_data_int/gen_rtl.gen_dly.gen_shiftreg.delay_bus_reg[12][1]'
INFO: [Synth 8-3886] merging instance 'U0/i_synth/i_synth/gen_sqrt.square_root/gen_rdy_int/gen_rtl.gen_dly.gen_regs.delay_bus_reg[12]' (FDRE) to 'U0/i_synth/i_synth/gen_sqrt.square_root/gen_iterations[16].gen_post_mid.gen_rem/gen_inv_sqrt_out/gen_rtl.gen_reg.d_reg_reg[15]'
INFO: [Synth 8-3886] merging instance 'U0/i_synth/i_synth/gen_sqrt.square_root/gen_iterations[18].gen_last.gen_rem/gen_data_int/gen_rtl.gen_dly.gen_shiftreg.delay_bus_reg[13][0]' (FDE) to 'U0/i_synth/i_synth/gen_sqrt.square_root/gen_iterations[18].gen_last.gen_rem/gen_data_int/gen_rtl.gen_dly.gen_shiftreg.delay_bus_reg[13][1]'
INFO: [Synth 8-3886] merging instance 'U0/i_synth/i_synth/gen_sqrt.square_root/gen_rdy_int/gen_rtl.gen_dly.gen_regs.delay_bus_reg[13]' (FDRE) to 'U0/i_synth/i_synth/gen_sqrt.square_root/gen_iterations[17].gen_post_mid.gen_rem/gen_inv_sqrt_out/gen_rtl.gen_reg.d_reg_reg[16]'
INFO: [Synth 8-3886] merging instance 'U0/i_synth/i_synth/gen_sqrt.square_root/gen_iterations[18].gen_last.gen_rem/gen_data_int/gen_rtl.gen_dly.gen_shiftreg.delay_bus_reg[14][0]' (FDE) to 'U0/i_synth/i_synth/gen_sqrt.square_root/gen_iterations[18].gen_last.gen_rem/gen_data_int/gen_rtl.gen_dly.gen_shiftreg.delay_bus_reg[14][1]'
INFO: [Synth 8-3886] merging instance 'U0/i_synth/i_synth/gen_sqrt.square_root/gen_rdy_int/gen_rtl.gen_dly.gen_regs.delay_bus_reg[14]' (FDRE) to 'U0/i_synth/i_synth/gen_sqrt.square_root/gen_iterations[18].gen_last.gen_rem/gen_inv_sqrt_out/gen_rtl.gen_reg.d_reg_reg[17]'
INFO: [Synth 8-3333] propagating constant 0 across sequential element (U0/i_synth/\i_synth/gen_sqrt.square_root/gen_iterations[18].gen_last.gen_rem/gen_data_int/gen_rtl.gen_dly.gen_shiftreg.delay_bus_reg[0][1] )
INFO: [Synth 8-3886] merging instance 'U0/i_synth/i_synth/gen_sqrt.square_root/gen_iterations[18].gen_last.gen_rem/gen_data_int/gen_rtl.gen_dly.gen_shiftreg.delay_bus_reg[2][1]' (FDE) to 'U0/i_synth/i_synth/gen_sqrt.square_root/gen_iterations[18].gen_last.gen_rem/gen_data_int/gen_rtl.gen_dly.gen_shiftreg.delay_bus_reg[0][1]'
INFO: [Synth 8-3333] propagating constant 0 across sequential element (U0/i_synth/\i_synth/gen_sqrt.square_root/gen_iterations[18].gen_last.gen_rem/gen_data_int/gen_rtl.gen_dly.gen_shiftreg.delay_bus_reg[0][1] )
INFO: [Synth 8-3886] merging instance 'U0/i_synth/i_synth/gen_sqrt.square_root/gen_iterations[18].gen_last.gen_rem/gen_data_int/gen_rtl.gen_dly.gen_shiftreg.delay_bus_reg[3][1]' (FDE) to 'U0/i_synth/i_synth/gen_sqrt.square_root/gen_iterations[18].gen_last.gen_rem/gen_data_int/gen_rtl.gen_dly.gen_shiftreg.delay_bus_reg[0][1]'
INFO: [Synth 8-3333] propagating constant 0 across sequential element (U0/i_synth/\i_synth/gen_sqrt.square_root/gen_iterations[18].gen_last.gen_rem/gen_data_int/gen_rtl.gen_dly.gen_shiftreg.delay_bus_reg[0][1] )
INFO: [Synth 8-3886] merging instance 'U0/i_synth/i_synth/gen_sqrt.square_root/gen_iterations[18].gen_last.gen_rem/gen_data_int/gen_rtl.gen_dly.gen_shiftreg.delay_bus_reg[4][1]' (FDE) to 'U0/i_synth/i_synth/gen_sqrt.square_root/gen_iterations[18].gen_last.gen_rem/gen_data_int/gen_rtl.gen_dly.gen_shiftreg.delay_bus_reg[0][1]'
INFO: [Synth 8-3333] propagating constant 0 across sequential element (U0/i_synth/\i_synth/gen_sqrt.square_root/gen_iterations[18].gen_last.gen_rem/gen_data_int/gen_rtl.gen_dly.gen_shiftreg.delay_bus_reg[0][1] )
INFO: [Synth 8-3886] merging instance 'U0/i_synth/i_synth/gen_sqrt.square_root/gen_iterations[18].gen_last.gen_rem/gen_data_int/gen_rtl.gen_dly.gen_shiftreg.delay_bus_reg[5][1]' (FDE) to 'U0/i_synth/i_synth/gen_sqrt.square_root/gen_iterations[18].gen_last.gen_rem/gen_data_int/gen_rtl.gen_dly.gen_shiftreg.delay_bus_reg[0][1]'
INFO: [Synth 8-3333] propagating constant 0 across sequential element (U0/i_synth/\i_synth/gen_sqrt.square_root/gen_iterations[18].gen_last.gen_rem/gen_data_int/gen_rtl.gen_dly.gen_shiftreg.delay_bus_reg[0][1] )
INFO: [Synth 8-3886] merging instance 'U0/i_synth/i_synth/gen_sqrt.square_root/gen_iterations[18].gen_last.gen_rem/gen_data_int/gen_rtl.gen_dly.gen_shiftreg.delay_bus_reg[6][1]' (FDE) to 'U0/i_synth/i_synth/gen_sqrt.square_root/gen_iterations[18].gen_last.gen_rem/gen_data_int/gen_rtl.gen_dly.gen_shiftreg.delay_bus_reg[0][1]'
INFO: [Synth 8-3333] propagating constant 0 across sequential element (U0/i_synth/\i_synth/gen_sqrt.square_root/gen_iterations[18].gen_last.gen_rem/gen_data_int/gen_rtl.gen_dly.gen_shiftreg.delay_bus_reg[0][1] )
INFO: [Synth 8-3886] merging instance 'U0/i_synth/i_synth/gen_sqrt.square_root/gen_iterations[18].gen_last.gen_rem/gen_data_int/gen_rtl.gen_dly.gen_shiftreg.delay_bus_reg[7][1]' (FDE) to 'U0/i_synth/i_synth/gen_sqrt.square_root/gen_iterations[18].gen_last.gen_rem/gen_data_int/gen_rtl.gen_dly.gen_shiftreg.delay_bus_reg[0][1]'
INFO: [Synth 8-3333] propagating constant 0 across sequential element (U0/i_synth/\i_synth/gen_sqrt.square_root/gen_iterations[18].gen_last.gen_rem/gen_data_int/gen_rtl.gen_dly.gen_shiftreg.delay_bus_reg[0][1] )
INFO: [Synth 8-3886] merging instance 'U0/i_synth/i_synth/gen_sqrt.square_root/gen_iterations[18].gen_last.gen_rem/gen_data_int/gen_rtl.gen_dly.gen_shiftreg.delay_bus_reg[8][1]' (FDE) to 'U0/i_synth/i_synth/gen_sqrt.square_root/gen_iterations[18].gen_last.gen_rem/gen_data_int/gen_rtl.gen_dly.gen_shiftreg.delay_bus_reg[0][1]'
INFO: [Synth 8-3333] propagating constant 0 across sequential element (U0/i_synth/\i_synth/gen_sqrt.square_root/gen_iterations[18].gen_last.gen_rem/gen_data_int/gen_rtl.gen_dly.gen_shiftreg.delay_bus_reg[0][1] )
INFO: [Synth 8-3886] merging instance 'U0/i_synth/i_synth/gen_sqrt.square_root/gen_iterations[18].gen_last.gen_rem/gen_data_int/gen_rtl.gen_dly.gen_shiftreg.delay_bus_reg[9][1]' (FDE) to 'U0/i_synth/i_synth/gen_sqrt.square_root/gen_iterations[18].gen_last.gen_rem/gen_data_int/gen_rtl.gen_dly.gen_shiftreg.delay_bus_reg[0][1]'
INFO: [Synth 8-3333] propagating constant 0 across sequential element (U0/i_synth/\i_synth/gen_sqrt.square_root/gen_iterations[18].gen_last.gen_rem/gen_data_int/gen_rtl.gen_dly.gen_shiftreg.delay_bus_reg[0][1] )
INFO: [Synth 8-3886] merging instance 'U0/i_synth/i_synth/gen_sqrt.square_root/gen_iterations[18].gen_last.gen_rem/gen_data_int/gen_rtl.gen_dly.gen_shiftreg.delay_bus_reg[10][1]' (FDE) to 'U0/i_synth/i_synth/gen_sqrt.square_root/gen_iterations[18].gen_last.gen_rem/gen_data_int/gen_rtl.gen_dly.gen_shiftreg.delay_bus_reg[0][1]'
INFO: [Synth 8-3333] propagating constant 0 across sequential element (U0/i_synth/\i_synth/gen_sqrt.square_root/gen_iterations[18].gen_last.gen_rem/gen_data_int/gen_rtl.gen_dly.gen_shiftreg.delay_bus_reg[0][1] )
INFO: [Synth 8-3886] merging instance 'U0/i_synth/i_synth/gen_sqrt.square_root/gen_iterations[18].gen_last.gen_rem/gen_data_int/gen_rtl.gen_dly.gen_shiftreg.delay_bus_reg[11][1]' (FDE) to 'U0/i_synth/i_synth/gen_sqrt.square_root/gen_iterations[18].gen_last.gen_rem/gen_data_int/gen_rtl.gen_dly.gen_shiftreg.delay_bus_reg[0][1]'
INFO: [Synth 8-3333] propagating constant 0 across sequential element (U0/i_synth/\i_synth/gen_sqrt.square_root/gen_iterations[18].gen_last.gen_rem/gen_data_int/gen_rtl.gen_dly.gen_shiftreg.delay_bus_reg[0][1] )
INFO: [Synth 8-3886] merging instance 'U0/i_synth/i_synth/gen_sqrt.square_root/gen_iterations[18].gen_last.gen_rem/gen_data_int/gen_rtl.gen_dly.gen_shiftreg.delay_bus_reg[12][1]' (FDE) to 'U0/i_synth/i_synth/gen_sqrt.square_root/gen_iterations[18].gen_last.gen_rem/gen_data_int/gen_rtl.gen_dly.gen_shiftreg.delay_bus_reg[0][1]'
INFO: [Synth 8-3333] propagating constant 0 across sequential element (U0/i_synth/\i_synth/gen_sqrt.square_root/gen_iterations[18].gen_last.gen_rem/gen_data_int/gen_rtl.gen_dly.gen_shiftreg.delay_bus_reg[0][1] )
INFO: [Synth 8-3886] merging instance 'U0/i_synth/i_synth/gen_sqrt.square_root/gen_iterations[18].gen_last.gen_rem/gen_data_int/gen_rtl.gen_dly.gen_shiftreg.delay_bus_reg[13][1]' (FDE) to 'U0/i_synth/i_synth/gen_sqrt.square_root/gen_iterations[18].gen_last.gen_rem/gen_data_int/gen_rtl.gen_dly.gen_shiftreg.delay_bus_reg[0][1]'
INFO: [Synth 8-3333] propagating constant 0 across sequential element (U0/i_synth/\i_synth/gen_sqrt.square_root/gen_iterations[18].gen_last.gen_rem/gen_data_int/gen_rtl.gen_dly.gen_shiftreg.delay_bus_reg[0][1] )
INFO: [Synth 8-3886] merging instance 'U0/i_synth/i_synth/gen_sqrt.square_root/gen_iterations[18].gen_last.gen_rem/gen_data_int/gen_rtl.gen_dly.gen_shiftreg.delay_bus_reg[14][1]' (FDE) to 'U0/i_synth/i_synth/gen_sqrt.square_root/gen_iterations[18].gen_last.gen_rem/gen_data_int/gen_rtl.gen_dly.gen_shiftreg.delay_bus_reg[0][1]'
INFO: [Synth 8-3333] propagating constant 0 across sequential element (U0/i_synth/\i_synth/gen_sqrt.square_root/gen_iterations[18].gen_last.gen_rem/gen_data_int/gen_rtl.gen_dly.gen_shiftreg.delay_bus_reg[0][1] )
INFO: [Synth 8-3332] Sequential element (i_baseblox.i_baseblox_addsub/no_pipelining.the_addsub/i_lut6.i_lut6_addsub/i_q.i_simple.qreg/i_no_async_controls.output_reg[19]) is unused and will be removed from module c_addsub_v12_0_12_viv__parameterized31.
INFO: [Synth 8-3332] Sequential element (i_baseblox.i_baseblox_addsub/no_pipelining.the_addsub/i_lut6.i_lut6_addsub/i_q.i_simple.qreg/i_no_async_controls.output_reg[1]) is unused and will be removed from module c_addsub_v12_0_12_viv__parameterized31.
INFO: [Synth 8-3332] Sequential element (i_synth/gen_sqrt.square_root/gen_iterations[18].gen_last.gen_rem/gen_data_int/gen_rtl.gen_dly.gen_shiftreg.delay_bus_reg[0][1]) is unused and will be removed from module cordic_v6_0_14_viv.
---------------------------------------------------------------------------------
Finished Cross Boundary and Area Optimization : Time (s): cpu = 00:00:34 ; elapsed = 00:00:40 . Memory (MB): peak = 885.922 ; gain = 527.773
---------------------------------------------------------------------------------

Report RTL Partitions: 
+-+--------------+------------+----------+
| |RTL Partition |Replication |Instances |
+-+--------------+------------+----------+
+-+--------------+------------+----------+
---------------------------------------------------------------------------------
Start Applying XDC Timing Constraints
---------------------------------------------------------------------------------
---------------------------------------------------------------------------------
Finished Applying XDC Timing Constraints : Time (s): cpu = 00:00:41 ; elapsed = 00:00:49 . Memory (MB): peak = 885.922 ; gain = 527.773
---------------------------------------------------------------------------------
---------------------------------------------------------------------------------
Start Timing Optimization
---------------------------------------------------------------------------------
---------------------------------------------------------------------------------
Finished Timing Optimization : Time (s): cpu = 00:00:42 ; elapsed = 00:00:49 . Memory (MB): peak = 885.922 ; gain = 527.773
---------------------------------------------------------------------------------

Report RTL Partitions: 
+-+--------------+------------+----------+
| |RTL Partition |Replication |Instances |
+-+--------------+------------+----------+
+-+--------------+------------+----------+
---------------------------------------------------------------------------------
Start Technology Mapping
---------------------------------------------------------------------------------
---------------------------------------------------------------------------------
Finished Technology Mapping : Time (s): cpu = 00:00:42 ; elapsed = 00:00:50 . Memory (MB): peak = 885.922 ; gain = 527.773
---------------------------------------------------------------------------------

Report RTL Partitions: 
+-+--------------+------------+----------+
| |RTL Partition |Replication |Instances |
+-+--------------+------------+----------+
+-+--------------+------------+----------+
---------------------------------------------------------------------------------
Start IO Insertion
---------------------------------------------------------------------------------
---------------------------------------------------------------------------------
Start Flattening Before IO Insertion
---------------------------------------------------------------------------------
---------------------------------------------------------------------------------
Finished Flattening Before IO Insertion
---------------------------------------------------------------------------------
---------------------------------------------------------------------------------
Start Final Netlist Cleanup
---------------------------------------------------------------------------------
---------------------------------------------------------------------------------
Finished Final Netlist Cleanup
---------------------------------------------------------------------------------
---------------------------------------------------------------------------------
Finished IO Insertion : Time (s): cpu = 00:00:43 ; elapsed = 00:00:50 . Memory (MB): peak = 885.922 ; gain = 527.773
---------------------------------------------------------------------------------

Report Check Netlist: 
+------+------------------+-------+---------+-------+------------------+
|      |Item              |Errors |Warnings |Status |Description       |
+------+------------------+-------+---------+-------+------------------+
|1     |multi_driven_nets |      0|        0|Passed |Multi driven nets |
+------+------------------+-------+---------+-------+------------------+
---------------------------------------------------------------------------------
Start Renaming Generated Instances
---------------------------------------------------------------------------------
---------------------------------------------------------------------------------
Finished Renaming Generated Instances : Time (s): cpu = 00:00:43 ; elapsed = 00:00:50 . Memory (MB): peak = 885.922 ; gain = 527.773
---------------------------------------------------------------------------------

Report RTL Partitions: 
+-+--------------+------------+----------+
| |RTL Partition |Replication |Instances |
+-+--------------+------------+----------+
+-+--------------+------------+----------+
---------------------------------------------------------------------------------
Start Rebuilding User Hierarchy
---------------------------------------------------------------------------------
---------------------------------------------------------------------------------
Finished Rebuilding User Hierarchy : Time (s): cpu = 00:00:43 ; elapsed = 00:00:51 . Memory (MB): peak = 885.922 ; gain = 527.773
---------------------------------------------------------------------------------
---------------------------------------------------------------------------------
Start Renaming Generated Ports
---------------------------------------------------------------------------------
---------------------------------------------------------------------------------
Finished Renaming Generated Ports : Time (s): cpu = 00:00:43 ; elapsed = 00:00:51 . Memory (MB): peak = 885.922 ; gain = 527.773
---------------------------------------------------------------------------------
---------------------------------------------------------------------------------
Start Handling Custom Attributes
---------------------------------------------------------------------------------
---------------------------------------------------------------------------------
Finished Handling Custom Attributes : Time (s): cpu = 00:00:43 ; elapsed = 00:00:51 . Memory (MB): peak = 885.922 ; gain = 527.773
---------------------------------------------------------------------------------
---------------------------------------------------------------------------------
Start Renaming Generated Nets
---------------------------------------------------------------------------------
---------------------------------------------------------------------------------
Finished Renaming Generated Nets : Time (s): cpu = 00:00:43 ; elapsed = 00:00:51 . Memory (MB): peak = 885.922 ; gain = 527.773
---------------------------------------------------------------------------------
---------------------------------------------------------------------------------
Start Writing Synthesis Report
---------------------------------------------------------------------------------

Report BlackBoxes: 
+-+--------------+----------+
| |BlackBox name |Instances |
+-+--------------+----------+
+-+--------------+----------+

Report Cell Usage: 
+------+-------+------+
|      |Cell   |Count |
+------+-------+------+
|1     |LUT1   |    64|
|2     |LUT2   |   154|
|3     |LUT3   |   163|
|4     |LUT4   |     2|
|5     |MUXCY  |   217|
|6     |SRL16E |    27|
|7     |XORCY  |   198|
|8     |FDRE   |   413|
+------+-------+------+
---------------------------------------------------------------------------------
Finished Writing Synthesis Report : Time (s): cpu = 00:00:43 ; elapsed = 00:00:51 . Memory (MB): peak = 885.922 ; gain = 527.773
---------------------------------------------------------------------------------
Synthesis finished with 0 errors, 0 critical warnings and 172 warnings.
Synthesis Optimization Runtime : Time (s): cpu = 00:00:14 ; elapsed = 00:00:41 . Memory (MB): peak = 885.922 ; gain = 316.078
Synthesis Optimization Complete : Time (s): cpu = 00:00:43 ; elapsed = 00:00:51 . Memory (MB): peak = 885.922 ; gain = 527.773
INFO: [Project 1-571] Translating synthesized netlist
INFO: [Netlist 29-17] Analyzing 415 Unisim elements for replacement
INFO: [Netlist 29-28] Unisim Transformation completed in 0 CPU seconds
INFO: [Project 1-570] Preparing netlist for logic optimization
INFO: [Opt 31-138] Pushed 0 inverter(s) to 0 load pin(s).
INFO: [Project 1-111] Unisim Transformation Summary:
  A total of 65 instances were transformed.
  (MUXCY,XORCY) => CARRY4: 65 instances

INFO: [Common 17-83] Releasing license: Synthesis
80 Infos, 100 Warnings, 0 Critical Warnings and 0 Errors encountered.
synth_design completed successfully
synth_design: Time (s): cpu = 00:00:45 ; elapsed = 00:00:54 . Memory (MB): peak = 889.512 ; gain = 542.836
WARNING: [Constraints 18-5210] No constraint will be written out.
INFO: [Common 17-1381] The checkpoint 'C:/Users/hs696802/Desktop/vhdl-backend-radarDistances-master/square_root/square_root.runs/square_rooter_synth_1/square_rooter.dcp' has been generated.
