Vivado Simulator 2018.2
Copyright 1986-1999, 2001-2018 Xilinx, Inc. All Rights Reserved.
Running: C:/Xilinx/Vivado/2018.2/bin/unwrapped/win64.o/xelab.exe -wto 35b4e85b6901482bb31e6b5e83f93da4 --incr --debug typical --relax --mt 2 -L xbip_utils_v3_0_9 -L c_reg_fd_v12_0_5 -L xbip_dsp48_wrapper_v3_0_4 -L xbip_pipe_v3_0_5 -L xbip_dsp48_addsub_v3_0_5 -L xbip_addsub_v3_0_5 -L c_addsub_v12_0_12 -L xbip_bram18k_v3_0_5 -L mult_gen_v12_0_14 -L axi_utils_v2_0_5 -L cordic_v6_0_14 -L xil_defaultlib -L secureip -L xpm --snapshot square_root_tb_behav xil_defaultlib.square_root_tb -log elaborate.log 
Using 2 slave threads.
Starting static elaboration
Completed static elaboration
Starting simulation data flow analysis
Completed simulation data flow analysis
Time Resolution for simulation is 1ps
Compiling package std.standard
Compiling package std.textio
Compiling package ieee.std_logic_1164
Compiling package ieee.numeric_std
Compiling package unisim.vcomponents
Compiling package cordic_v6_0_14.cordic_v6_0_14_viv_comp
Compiling package xbip_utils_v3_0_9.xbip_utils_v3_0_9_pkg
Compiling package xbip_pipe_v3_0_5.xbip_pipe_v3_0_5_viv_comp
Compiling package axi_utils_v2_0_5.axi_utils_v2_0_5_pkg
Compiling package ieee.math_real
Compiling package axi_utils_v2_0_5.global_util_pkg
Compiling package axi_utils_v2_0_5.axi_utils_comps
Compiling package mult_gen_v12_0_14.mult_gen_v12_0_14_pkg
Compiling package ieee.std_logic_arith
Compiling package ieee.std_logic_signed
Compiling package cordic_v6_0_14.cordic_pack
Compiling package cordic_v6_0_14.cordic_hdl_comps
Compiling package c_addsub_v12_0_12.c_addsub_v12_0_12_viv_comp
Compiling package xbip_addsub_v3_0_5.xbip_addsub_v3_0_5_viv_comp
Compiling package c_addsub_v12_0_12.c_addsub_v12_0_12_pkg
Compiling package c_addsub_v12_0_12.c_addsub_v12_0_12_pkg_legacy
Compiling package c_reg_fd_v12_0_5.c_reg_fd_v12_0_5_viv_comp
Compiling architecture synth of entity xbip_pipe_v3_0_5.xbip_pipe_v3_0_5_viv [\xbip_pipe_v3_0_5_viv(c_latency=...]
Compiling architecture synth of entity xbip_pipe_v3_0_5.xbip_pipe_v3_0_5_viv [\xbip_pipe_v3_0_5_viv(c_latency=...]
Compiling architecture struct_all of entity cordic_v6_0_14.delay [\delay(delay_len=1,family="zynq"...]
Compiling architecture muxcy_v of entity unisim.MUXCY [muxcy_default]
Compiling architecture xorcy_v of entity unisim.XORCY [xorcy_default]
Compiling architecture rtl of entity c_addsub_v12_0_12.c_addsub_v12_0_12_lut6_legacy [\c_addsub_v12_0_12_lut6_legacy(c...]
Compiling architecture synth of entity c_addsub_v12_0_12.c_addsub_v12_0_12_fabric_legacy [\c_addsub_v12_0_12_fabric_legacy...]
Compiling architecture synth of entity c_addsub_v12_0_12.c_addsub_v12_0_12_legacy [\c_addsub_v12_0_12_legacy(c_fami...]
Compiling architecture synth of entity c_addsub_v12_0_12.c_addsub_v12_0_12_viv [\c_addsub_v12_0_12_viv(c_xdevice...]
Compiling architecture synth of entity cordic_v6_0_14.addsub [\addsub(family="zynq",add_mode=0...]
Compiling architecture struct_all of entity cordic_v6_0_14.delay [\delay(delay_len=1,family="zynq"...]
Compiling architecture struct_all of entity cordic_v6_0_14.delay [\delay(delay_len=3,family="zynq"...]
Compiling architecture synth of entity cordic_v6_0_14.cordic_sqrt_mod [\cordic_sqrt_mod(p_xdevicefamily...]
Compiling architecture struct_all of entity cordic_v6_0_14.delay [\delay(delay_len=0,family="zynq"...]
Compiling architecture rtl of entity c_addsub_v12_0_12.c_addsub_v12_0_12_lut6_legacy [\c_addsub_v12_0_12_lut6_legacy(c...]
Compiling architecture synth of entity c_addsub_v12_0_12.c_addsub_v12_0_12_fabric_legacy [\c_addsub_v12_0_12_fabric_legacy...]
Compiling architecture synth of entity c_addsub_v12_0_12.c_addsub_v12_0_12_legacy [\c_addsub_v12_0_12_legacy(c_fami...]
Compiling architecture synth of entity c_addsub_v12_0_12.c_addsub_v12_0_12_viv [\c_addsub_v12_0_12_viv(c_xdevice...]
Compiling architecture synth of entity cordic_v6_0_14.addsub [\addsub(family="zynq",add_mode=0...]
Compiling architecture struct_all of entity cordic_v6_0_14.delay [\delay(delay_len=0,family="zynq"...]
Compiling architecture struct_all of entity cordic_v6_0_14.delay [\delay(delay_len=4,family="zynq"...]
Compiling architecture synth of entity cordic_v6_0_14.cordic_sqrt_mod [\cordic_sqrt_mod(p_xdevicefamily...]
Compiling architecture struct_all of entity cordic_v6_0_14.delay [\delay(delay_len=0,family="zynq"...]
Compiling architecture rtl of entity c_addsub_v12_0_12.c_addsub_v12_0_12_lut6_legacy [\c_addsub_v12_0_12_lut6_legacy(c...]
Compiling architecture synth of entity c_addsub_v12_0_12.c_addsub_v12_0_12_fabric_legacy [\c_addsub_v12_0_12_fabric_legacy...]
Compiling architecture synth of entity c_addsub_v12_0_12.c_addsub_v12_0_12_legacy [\c_addsub_v12_0_12_legacy(c_fami...]
Compiling architecture synth of entity c_addsub_v12_0_12.c_addsub_v12_0_12_viv [\c_addsub_v12_0_12_viv(c_xdevice...]
Compiling architecture synth of entity cordic_v6_0_14.addsub [\addsub(family="zynq",add_mode=0...]
Compiling architecture struct_all of entity cordic_v6_0_14.delay [\delay(delay_len=0,family="zynq"...]
Compiling architecture synth of entity cordic_v6_0_14.cordic_sqrt_mod [\cordic_sqrt_mod(p_xdevicefamily...]
Compiling architecture struct_all of entity cordic_v6_0_14.delay [\delay(delay_len=1,family="zynq"...]
Compiling architecture rtl of entity c_addsub_v12_0_12.c_addsub_v12_0_12_lut6_legacy [\c_addsub_v12_0_12_lut6_legacy(c...]
Compiling architecture synth of entity c_addsub_v12_0_12.c_addsub_v12_0_12_fabric_legacy [\c_addsub_v12_0_12_fabric_legacy...]
Compiling architecture synth of entity c_addsub_v12_0_12.c_addsub_v12_0_12_legacy [\c_addsub_v12_0_12_legacy(c_fami...]
Compiling architecture synth of entity c_addsub_v12_0_12.c_addsub_v12_0_12_viv [\c_addsub_v12_0_12_viv(c_xdevice...]
Compiling architecture synth of entity cordic_v6_0_14.addsub [\addsub(family="zynq",add_mode=0...]
Compiling architecture struct_all of entity cordic_v6_0_14.delay [\delay(delay_len=1,family="zynq"...]
Compiling architecture synth of entity cordic_v6_0_14.cordic_sqrt_mod [\cordic_sqrt_mod(p_xdevicefamily...]
Compiling architecture struct_all of entity cordic_v6_0_14.delay [\delay(delay_len=1,family="zynq"...]
Compiling architecture rtl of entity c_addsub_v12_0_12.c_addsub_v12_0_12_lut6_legacy [\c_addsub_v12_0_12_lut6_legacy(c...]
Compiling architecture synth of entity c_addsub_v12_0_12.c_addsub_v12_0_12_fabric_legacy [\c_addsub_v12_0_12_fabric_legacy...]
Compiling architecture synth of entity c_addsub_v12_0_12.c_addsub_v12_0_12_legacy [\c_addsub_v12_0_12_legacy(c_fami...]
Compiling architecture synth of entity c_addsub_v12_0_12.c_addsub_v12_0_12_viv [\c_addsub_v12_0_12_viv(c_xdevice...]
Compiling architecture synth of entity cordic_v6_0_14.addsub [\addsub(family="zynq",add_mode=0...]
Compiling architecture struct_all of entity cordic_v6_0_14.delay [\delay(delay_len=1,family="zynq"...]
Compiling architecture struct_all of entity cordic_v6_0_14.delay [\delay(delay_len=2,family="zynq"...]
Compiling architecture synth of entity cordic_v6_0_14.cordic_sqrt_mod [\cordic_sqrt_mod(p_xdevicefamily...]
Compiling architecture struct_all of entity cordic_v6_0_14.delay [\delay(delay_len=0,family="zynq"...]
Compiling architecture rtl of entity c_addsub_v12_0_12.c_addsub_v12_0_12_lut6_legacy [\c_addsub_v12_0_12_lut6_legacy(c...]
Compiling architecture synth of entity c_addsub_v12_0_12.c_addsub_v12_0_12_fabric_legacy [\c_addsub_v12_0_12_fabric_legacy...]
Compiling architecture synth of entity c_addsub_v12_0_12.c_addsub_v12_0_12_legacy [\c_addsub_v12_0_12_legacy(c_fami...]
Compiling architecture synth of entity c_addsub_v12_0_12.c_addsub_v12_0_12_viv [\c_addsub_v12_0_12_viv(c_xdevice...]
Compiling architecture synth of entity cordic_v6_0_14.addsub [\addsub(family="zynq",add_mode=0...]
Compiling architecture struct_all of entity cordic_v6_0_14.delay [\delay(delay_len=0,family="zynq"...]
Compiling architecture struct_all of entity cordic_v6_0_14.delay [\delay(delay_len=5,family="zynq"...]
Compiling architecture synth of entity cordic_v6_0_14.cordic_sqrt_mod [\cordic_sqrt_mod(p_xdevicefamily...]
Compiling architecture struct_all of entity cordic_v6_0_14.delay [\delay(delay_len=0,family="zynq"...]
Compiling architecture rtl of entity c_addsub_v12_0_12.c_addsub_v12_0_12_lut6_legacy [\c_addsub_v12_0_12_lut6_legacy(c...]
Compiling architecture synth of entity c_addsub_v12_0_12.c_addsub_v12_0_12_fabric_legacy [\c_addsub_v12_0_12_fabric_legacy...]
Compiling architecture synth of entity c_addsub_v12_0_12.c_addsub_v12_0_12_legacy [\c_addsub_v12_0_12_legacy(c_fami...]
Compiling architecture synth of entity c_addsub_v12_0_12.c_addsub_v12_0_12_viv [\c_addsub_v12_0_12_viv(c_xdevice...]
Compiling architecture synth of entity cordic_v6_0_14.addsub [\addsub(family="zynq",add_mode=0...]
Compiling architecture struct_all of entity cordic_v6_0_14.delay [\delay(delay_len=0,family="zynq"...]
Compiling architecture synth of entity cordic_v6_0_14.cordic_sqrt_mod [\cordic_sqrt_mod(p_xdevicefamily...]
Compiling architecture struct_all of entity cordic_v6_0_14.delay [\delay(delay_len=1,family="zynq"...]
Compiling architecture rtl of entity c_addsub_v12_0_12.c_addsub_v12_0_12_lut6_legacy [\c_addsub_v12_0_12_lut6_legacy(c...]
Compiling architecture synth of entity c_addsub_v12_0_12.c_addsub_v12_0_12_fabric_legacy [\c_addsub_v12_0_12_fabric_legacy...]
Compiling architecture synth of entity c_addsub_v12_0_12.c_addsub_v12_0_12_legacy [\c_addsub_v12_0_12_legacy(c_fami...]
Compiling architecture synth of entity c_addsub_v12_0_12.c_addsub_v12_0_12_viv [\c_addsub_v12_0_12_viv(c_xdevice...]
Compiling architecture synth of entity cordic_v6_0_14.addsub [\addsub(family="zynq",add_mode=0...]
Compiling architecture struct_all of entity cordic_v6_0_14.delay [\delay(delay_len=1,family="zynq"...]
Compiling architecture synth of entity cordic_v6_0_14.cordic_sqrt_mod [\cordic_sqrt_mod(p_xdevicefamily...]
Compiling architecture struct_all of entity cordic_v6_0_14.delay [\delay(delay_len=1,family="zynq"...]
Compiling architecture rtl of entity c_addsub_v12_0_12.c_addsub_v12_0_12_lut6_legacy [\c_addsub_v12_0_12_lut6_legacy(c...]
Compiling architecture synth of entity c_addsub_v12_0_12.c_addsub_v12_0_12_fabric_legacy [\c_addsub_v12_0_12_fabric_legacy...]
Compiling architecture synth of entity c_addsub_v12_0_12.c_addsub_v12_0_12_legacy [\c_addsub_v12_0_12_legacy(c_fami...]
Compiling architecture synth of entity c_addsub_v12_0_12.c_addsub_v12_0_12_viv [\c_addsub_v12_0_12_viv(c_xdevice...]
Compiling architecture synth of entity cordic_v6_0_14.addsub [\addsub(family="zynq",add_mode=0...]
Compiling architecture struct_all of entity cordic_v6_0_14.delay [\delay(delay_len=1,family="zynq"...]
Compiling architecture struct_all of entity cordic_v6_0_14.delay [\delay(delay_len=1,family="zynq"...]
Compiling architecture synth of entity cordic_v6_0_14.cordic_sqrt_mod [\cordic_sqrt_mod(p_xdevicefamily...]
Compiling architecture struct_all of entity cordic_v6_0_14.delay [\delay(delay_len=0,family="zynq"...]
Compiling architecture rtl of entity c_addsub_v12_0_12.c_addsub_v12_0_12_lut6_legacy [\c_addsub_v12_0_12_lut6_legacy(c...]
Compiling architecture synth of entity c_addsub_v12_0_12.c_addsub_v12_0_12_fabric_legacy [\c_addsub_v12_0_12_fabric_legacy...]
Compiling architecture synth of entity c_addsub_v12_0_12.c_addsub_v12_0_12_legacy [\c_addsub_v12_0_12_legacy(c_fami...]
Compiling architecture synth of entity c_addsub_v12_0_12.c_addsub_v12_0_12_viv [\c_addsub_v12_0_12_viv(c_xdevice...]
Compiling architecture synth of entity cordic_v6_0_14.addsub [\addsub(family="zynq",add_mode=0...]
Compiling architecture struct_all of entity cordic_v6_0_14.delay [\delay(delay_len=0,family="zynq"...]
Compiling architecture struct_all of entity cordic_v6_0_14.delay [\delay(delay_len=6,family="zynq"...]
Compiling architecture synth of entity cordic_v6_0_14.cordic_sqrt_mod [\cordic_sqrt_mod(p_xdevicefamily...]
Compiling architecture struct_all of entity cordic_v6_0_14.delay [\delay(delay_len=0,family="zynq"...]
Compiling architecture rtl of entity c_addsub_v12_0_12.c_addsub_v12_0_12_lut6_legacy [\c_addsub_v12_0_12_lut6_legacy(c...]
Compiling architecture synth of entity c_addsub_v12_0_12.c_addsub_v12_0_12_fabric_legacy [\c_addsub_v12_0_12_fabric_legacy...]
Compiling architecture synth of entity c_addsub_v12_0_12.c_addsub_v12_0_12_legacy [\c_addsub_v12_0_12_legacy(c_fami...]
Compiling architecture synth of entity c_addsub_v12_0_12.c_addsub_v12_0_12_viv [\c_addsub_v12_0_12_viv(c_xdevice...]
Compiling architecture synth of entity cordic_v6_0_14.addsub [\addsub(family="zynq",add_mode=0...]
Compiling architecture struct_all of entity cordic_v6_0_14.delay [\delay(delay_len=0,family="zynq"...]
Compiling architecture synth of entity cordic_v6_0_14.cordic_sqrt_mod [\cordic_sqrt_mod(p_xdevicefamily...]
Compiling architecture struct_all of entity cordic_v6_0_14.delay [\delay(delay_len=1,family="zynq"...]
Compiling architecture rtl of entity c_addsub_v12_0_12.c_addsub_v12_0_12_lut6_legacy [\c_addsub_v12_0_12_lut6_legacy(c...]
Compiling architecture synth of entity c_addsub_v12_0_12.c_addsub_v12_0_12_fabric_legacy [\c_addsub_v12_0_12_fabric_legacy...]
Compiling architecture synth of entity c_addsub_v12_0_12.c_addsub_v12_0_12_legacy [\c_addsub_v12_0_12_legacy(c_fami...]
Compiling architecture synth of entity c_addsub_v12_0_12.c_addsub_v12_0_12_viv [\c_addsub_v12_0_12_viv(c_xdevice...]
Compiling architecture synth of entity cordic_v6_0_14.addsub [\addsub(family="zynq",add_mode=0...]
Compiling architecture struct_all of entity cordic_v6_0_14.delay [\delay(delay_len=1,family="zynq"...]
Compiling architecture synth of entity cordic_v6_0_14.cordic_sqrt_mod [\cordic_sqrt_mod(p_xdevicefamily...]
Compiling architecture struct_all of entity cordic_v6_0_14.delay [\delay(delay_len=1,family="zynq"...]
Compiling architecture rtl of entity c_addsub_v12_0_12.c_addsub_v12_0_12_lut6_legacy [\c_addsub_v12_0_12_lut6_legacy(c...]
Compiling architecture synth of entity c_addsub_v12_0_12.c_addsub_v12_0_12_fabric_legacy [\c_addsub_v12_0_12_fabric_legacy...]
Compiling architecture synth of entity c_addsub_v12_0_12.c_addsub_v12_0_12_legacy [\c_addsub_v12_0_12_legacy(c_fami...]
Compiling architecture synth of entity c_addsub_v12_0_12.c_addsub_v12_0_12_viv [\c_addsub_v12_0_12_viv(c_xdevice...]
Compiling architecture synth of entity cordic_v6_0_14.addsub [\addsub(family="zynq",add_mode=0...]
Compiling architecture struct_all of entity cordic_v6_0_14.delay [\delay(delay_len=1,family="zynq"...]
Compiling architecture struct_all of entity cordic_v6_0_14.delay [\delay(delay_len=0,family="zynq"...]
Compiling architecture synth of entity cordic_v6_0_14.cordic_sqrt_mod [\cordic_sqrt_mod(p_xdevicefamily...]
Compiling architecture struct_all of entity cordic_v6_0_14.delay [\delay(delay_len=0,family="zynq"...]
Compiling architecture rtl of entity c_addsub_v12_0_12.c_addsub_v12_0_12_lut6_legacy [\c_addsub_v12_0_12_lut6_legacy(c...]
Compiling architecture synth of entity c_addsub_v12_0_12.c_addsub_v12_0_12_fabric_legacy [\c_addsub_v12_0_12_fabric_legacy...]
Compiling architecture synth of entity c_addsub_v12_0_12.c_addsub_v12_0_12_legacy [\c_addsub_v12_0_12_legacy(c_fami...]
Compiling architecture synth of entity c_addsub_v12_0_12.c_addsub_v12_0_12_viv [\c_addsub_v12_0_12_viv(c_xdevice...]
Compiling architecture synth of entity cordic_v6_0_14.addsub [\addsub(family="zynq",add_mode=0...]
Compiling architecture struct_all of entity cordic_v6_0_14.delay [\delay(delay_len=0,family="zynq"...]
Compiling architecture struct_all of entity cordic_v6_0_14.delay [\delay(delay_len=7,family="zynq"...]
Compiling architecture synth of entity cordic_v6_0_14.cordic_sqrt_mod [\cordic_sqrt_mod(p_xdevicefamily...]
Compiling architecture rtl of entity c_addsub_v12_0_12.c_addsub_v12_0_12_lut6_legacy [\c_addsub_v12_0_12_lut6_legacy(c...]
Compiling architecture synth of entity c_addsub_v12_0_12.c_addsub_v12_0_12_fabric_legacy [\c_addsub_v12_0_12_fabric_legacy...]
Compiling architecture synth of entity c_addsub_v12_0_12.c_addsub_v12_0_12_legacy [\c_addsub_v12_0_12_legacy(c_fami...]
Compiling architecture synth of entity c_addsub_v12_0_12.c_addsub_v12_0_12_viv [\c_addsub_v12_0_12_viv(c_xdevice...]
Compiling architecture synth of entity cordic_v6_0_14.addsub [\addsub(family="zynq",add_mode=0...]
Compiling architecture struct_all of entity cordic_v6_0_14.delay [\delay(delay_len=1,family="zynq"...]
Compiling architecture synth of entity cordic_v6_0_14.cordic_sqrt_mod [\cordic_sqrt_mod(p_xdevicefamily...]
Compiling architecture struct_all of entity cordic_v6_0_14.delay [\delay(delay_len=0,family="zynq"...]
Compiling architecture struct_all of entity cordic_v6_0_14.delay_bit [\delay_bit(delay_len=0,family="z...]
Compiling architecture struct_all of entity cordic_v6_0_14.delay_bit [\delay_bit(delay_len=8,family="z...]
Compiling architecture synth of entity cordic_v6_0_14.cordic_sqrt [\cordic_sqrt(p_xdevicefamily="zy...]
Compiling architecture synth of entity cordic_v6_0_14.cordic_v6_0_14_synth [\cordic_v6_0_14_synth(c_architec...]
Compiling architecture synth of entity cordic_v6_0_14.cordic_v6_0_14_viv [\cordic_v6_0_14_viv(c_architectu...]
Compiling architecture xilinx of entity cordic_v6_0_14.cordic_v6_0_14 [\cordic_v6_0_14(c_architecture=2...]
Compiling architecture square_rooter_arch of entity xil_defaultlib.square_rooter [square_rooter_default]
Compiling architecture behavioral of entity xil_defaultlib.square_root [square_root_default]
Compiling architecture behavioral of entity xil_defaultlib.square_root_tb
Built simulation snapshot square_root_tb_behav
